<?xml version="1.0" encoding="UTF-8"?>
<!-- Generated by org.testng.reporters.JUnitXMLReporter -->
<testsuite ignored="0" hostname="HSC-J33TZF2" failures="1" tests="3" name="NegativeTests" time="29.561" errors="0" timestamp="28 May 2021 04:54:09 GMT">
  <testcase classname="com.icin.bank.UserPortalNegativeTests" name="emptyUsernameAndPasswordTest" time="10.471"/>
  <testcase classname="com.icin.bank.UserPortalNegativeTests" name="incorrectPasswordTest" time="7.784">
    <failure type="java.lang.AssertionError" message="Actual error message does not contains expected. 
Actual :
Expected :Invalid Credentials expected [true] but found [false]">
      <![CDATA[java.lang.AssertionError: Actual error message does not contains expected. 
Actual :
Expected :Invalid Credentials expected [true] but found [false]
at com.icin.bank.UserPortalNegativeTests.incorrectPasswordTest(UserPortalNegativeTests.java:95)
... Removed 32 stack frames]]>
    </failure>
  </testcase> <!-- incorrectPasswordTest -->
  <testcase classname="com.icin.bank.UserPortalNegativeTests" name="incorrectUsernameTest" time="11.304"/>
</testsuite> <!-- NegativeTests -->
