<!DOCTYPE html PUBLIC "-//W3C//DTD XHTML 1.1//EN" "http://www.w3.org/TR/xhtml11/DTD/xhtml11.dtd">
<html xmlns="http://www.w3.org/1999/xhtml">
<head>
<meta http-equiv="content-type" content="text/html; charset=UTF-8"/>
<title>TestNG Report</title>
<style type="text/css">table {margin-bottom:10px;border-collapse:collapse;empty-cells:show}th,td {border:1px solid #009;padding:.25em .5em}th {vertical-align:bottom}td {vertical-align:top}table a {font-weight:bold}.stripe td {background-color: #E6EBF9}.num {text-align:right}.passedodd td {background-color: #3F3}.passedeven td {background-color: #0A0}.skippedodd td {background-color: #DDD}.skippedeven td {background-color: #CCC}.failedodd td,.attn {background-color: #F33}.failedeven td,.stripe .attn {background-color: #D00}.stacktrace {white-space:pre;font-family:monospace}.totop {font-size:85%;text-align:center;border-bottom:2px solid #000}.invisible {display:none}</style>
</head>
<body>
<table>
<tr><th>Test</th><th># Passed</th><th># Skipped</th><th># Failed</th><th>Time (ms)</th><th>Included Groups</th><th>Excluded Groups</th></tr>
<tr><th colspan="7">AllTests</th></tr>
<tr><td><a href="#t0">PositiveTests</a></td><td class="num">3</td><td class="num">0</td><td class="num attn">4</td><td class="num">119,324</td><td></td><td></td></tr>
<tr class="stripe"><td><a href="#t1">NegativeTests</a></td><td class="num">2</td><td class="num">0</td><td class="num attn">1</td><td class="num">29,561</td><td></td><td></td></tr>
<tr><th>Total</th><th class="num">5</th><th class="num">0</th><th class="num attn">5</th><th class="num">148,885</th><th colspan="2"></th></tr>
</table>
<table id='summary'><thead><tr><th>Class</th><th>Method</th><th>Start</th><th>Time (ms)</th></tr></thead><tbody><tr><th colspan="4">AllTests</th></tr></tbody><tbody id="t0"><tr><th colspan="4">PositiveTests &#8212; failed</th></tr><tr class="failedeven"><td rowspan="4">com.icin.bank.UserPortalPositiveTests</td><td><a href="#m0">ChequeBookTest</a></td><td rowspan="1">1622177500551</td><td rowspan="1">15115</td></tr><tr class="failedeven"><td><a href="#m1">TransactionTest</a></td><td rowspan="1">1622177515676</td><td rowspan="1">15065</td></tr><tr class="failedeven"><td><a href="#m2">TransferTest</a></td><td rowspan="1">1622177530744</td><td rowspan="1">14768</td></tr><tr class="failedeven"><td><a href="#m3">loginTest</a></td><td rowspan="1">1622177545512</td><td rowspan="1">14927</td></tr><tr><th colspan="4">PositiveTests &#8212; passed</th></tr><tr class="passedeven"><td rowspan="3">com.icin.bank.AdminPortalPositiveTests</td><td><a href="#m4">diableUserTest</a></td><td rowspan="1">1622177578273</td><td rowspan="1">19457</td></tr><tr class="passedeven"><td><a href="#m5">enableUserTest</a></td><td rowspan="1">1622177597731</td><td rowspan="1">22103</td></tr><tr class="passedeven"><td><a href="#m6">loginTest</a></td><td rowspan="1">1622177560442</td><td rowspan="1">17830</td></tr></tbody>
<tbody id="t1"><tr><th colspan="4">NegativeTests &#8212; failed</th></tr><tr class="failedeven"><td rowspan="1">com.icin.bank.UserPortalNegativeTests</td><td><a href="#m7">incorrectPasswordTest</a></td><td rowspan="1">1622177630341</td><td rowspan="1">7784</td></tr><tr><th colspan="4">NegativeTests &#8212; passed</th></tr><tr class="passedeven"><td rowspan="2">com.icin.bank.UserPortalNegativeTests</td><td><a href="#m8">emptyUsernameAndPasswordTest</a></td><td rowspan="1">1622177619870</td><td rowspan="1">10471</td></tr><tr class="passedeven"><td><a href="#m9">incorrectUsernameTest</a></td><td rowspan="1">1622177638126</td><td rowspan="1">11304</td></tr></tbody>
</table>
<h2>PositiveTests</h2><h3 id="m0">com.icin.bank.UserPortalPositiveTests#ChequeBookTest</h3><table class="result"><tr><th>Exception</th></tr><tr><td><div class="stacktrace">org.openqa.selenium.NoSuchElementException: no such element: Unable to locate element: {&quot;method&quot;:&quot;xpath&quot;,&quot;selector&quot;:&quot;//app-root//app-navbar/nav/ul[@class=&apos;navbar-nav&apos;]//a[@href=&apos;/cheque-book&apos;]&quot;}
  (Session info: chrome=90.0.4430.212)
For documentation on this error, please visit: https://www.seleniumhq.org/exceptions/no_such_element.html
Build info: version: &apos;3.141.59&apos;, revision: &apos;e82be7d358&apos;, time: &apos;2018-11-14T08:17:03&apos;
System info: host: &apos;HSC-J33TZF2&apos;, ip: &apos;172.18.208.1&apos;, os.name: &apos;Windows 10&apos;, os.arch: &apos;amd64&apos;, os.version: &apos;10.0&apos;, java.version: &apos;15.0.2&apos;
Driver info: org.openqa.selenium.chrome.ChromeDriver
Capabilities {acceptInsecureCerts: false, browserName: chrome, browserVersion: 90.0.4430.212, chrome: {chromedriverVersion: 90.0.4430.24 (4c6d850f087da..., userDataDir: C:\Users\SAURSI~1\AppData\L...}, goog:chromeOptions: {debuggerAddress: localhost:58743}, javascriptEnabled: true, networkConnectionEnabled: false, pageLoadStrategy: normal, platform: WINDOWS, platformName: WINDOWS, proxy: Proxy(), setWindowRect: true, strictFileInteractability: false, timeouts: {implicit: 0, pageLoad: 300000, script: 30000}, unhandledPromptBehavior: dismiss and notify, webauthn:extension:largeBlob: true, webauthn:virtualAuthenticators: true}
Session ID: f9482dc1df54af92404b76628b55dc0b
*** Element info: {Using=xpath, value=//app-root//app-navbar/nav/ul[@class=&apos;navbar-nav&apos;]//a[@href=&apos;/cheque-book&apos;]}
	at org.openqa.selenium.remote.http.W3CHttpResponseCodec.createException(W3CHttpResponseCodec.java:187)
	at org.openqa.selenium.remote.http.W3CHttpResponseCodec.decode(W3CHttpResponseCodec.java:122)
	at org.openqa.selenium.remote.http.W3CHttpResponseCodec.decode(W3CHttpResponseCodec.java:49)
	at org.openqa.selenium.remote.HttpCommandExecutor.execute(HttpCommandExecutor.java:158)
	at org.openqa.selenium.remote.service.DriverCommandExecutor.execute(DriverCommandExecutor.java:83)
	at org.openqa.selenium.remote.RemoteWebDriver.execute(RemoteWebDriver.java:552)
	at org.openqa.selenium.remote.RemoteWebDriver.findElement(RemoteWebDriver.java:323)
	at org.openqa.selenium.remote.RemoteWebDriver.findElementByXPath(RemoteWebDriver.java:428)
	at org.openqa.selenium.By$ByXPath.findElement(By.java:353)
	at org.openqa.selenium.remote.RemoteWebDriver.findElement(RemoteWebDriver.java:315)
	at com.icin.bank.UserPortalPositiveTests.ChequeBookTest(UserPortalPositiveTests.java:315)
... Removed 34 stack frames</div></td></tr></table><p class="totop"><a href="#summary">back to summary</a></p>
<h3 id="m1">com.icin.bank.UserPortalPositiveTests#TransactionTest</h3><table class="result"><tr><th>Exception</th></tr><tr><td><div class="stacktrace">org.openqa.selenium.NoSuchElementException: no such element: Unable to locate element: {&quot;method&quot;:&quot;xpath&quot;,&quot;selector&quot;:&quot;//app-root//app-navbar/nav/ul[@class=&apos;navbar-nav&apos;]//a[@href=&apos;/transaction-history&apos;]&quot;}
  (Session info: chrome=90.0.4430.212)
For documentation on this error, please visit: https://www.seleniumhq.org/exceptions/no_such_element.html
Build info: version: &apos;3.141.59&apos;, revision: &apos;e82be7d358&apos;, time: &apos;2018-11-14T08:17:03&apos;
System info: host: &apos;HSC-J33TZF2&apos;, ip: &apos;172.18.208.1&apos;, os.name: &apos;Windows 10&apos;, os.arch: &apos;amd64&apos;, os.version: &apos;10.0&apos;, java.version: &apos;15.0.2&apos;
Driver info: org.openqa.selenium.chrome.ChromeDriver
Capabilities {acceptInsecureCerts: false, browserName: chrome, browserVersion: 90.0.4430.212, chrome: {chromedriverVersion: 90.0.4430.24 (4c6d850f087da..., userDataDir: C:\Users\SAURSI~1\AppData\L...}, goog:chromeOptions: {debuggerAddress: localhost:58771}, javascriptEnabled: true, networkConnectionEnabled: false, pageLoadStrategy: normal, platform: WINDOWS, platformName: WINDOWS, proxy: Proxy(), setWindowRect: true, strictFileInteractability: false, timeouts: {implicit: 0, pageLoad: 300000, script: 30000}, unhandledPromptBehavior: dismiss and notify, webauthn:extension:largeBlob: true, webauthn:virtualAuthenticators: true}
Session ID: 602f144751b90b9ce7f39a6d600dadf6
*** Element info: {Using=xpath, value=//app-root//app-navbar/nav/ul[@class=&apos;navbar-nav&apos;]//a[@href=&apos;/transaction-history&apos;]}
	at org.openqa.selenium.remote.http.W3CHttpResponseCodec.createException(W3CHttpResponseCodec.java:187)
	at org.openqa.selenium.remote.http.W3CHttpResponseCodec.decode(W3CHttpResponseCodec.java:122)
	at org.openqa.selenium.remote.http.W3CHttpResponseCodec.decode(W3CHttpResponseCodec.java:49)
	at org.openqa.selenium.remote.HttpCommandExecutor.execute(HttpCommandExecutor.java:158)
	at org.openqa.selenium.remote.service.DriverCommandExecutor.execute(DriverCommandExecutor.java:83)
	at org.openqa.selenium.remote.RemoteWebDriver.execute(RemoteWebDriver.java:552)
	at org.openqa.selenium.remote.RemoteWebDriver.findElement(RemoteWebDriver.java:323)
	at org.openqa.selenium.remote.RemoteWebDriver.findElementByXPath(RemoteWebDriver.java:428)
	at org.openqa.selenium.By$ByXPath.findElement(By.java:353)
	at org.openqa.selenium.remote.RemoteWebDriver.findElement(RemoteWebDriver.java:315)
	at com.icin.bank.UserPortalPositiveTests.TransactionTest(UserPortalPositiveTests.java:135)
... Removed 34 stack frames</div></td></tr></table><p class="totop"><a href="#summary">back to summary</a></p>
<h3 id="m2">com.icin.bank.UserPortalPositiveTests#TransferTest</h3><table class="result"><tr><th>Exception</th></tr><tr><td><div class="stacktrace">java.lang.AssertionError: Actual path url is not the same as expected expected [http://angular-front.s3-website-us-east-1.amazonaws.com/welcome] but found [http://angular-front.s3-website-us-east-1.amazonaws.com/]
	at com.icin.bank.UserPortalPositiveTests.TransferTest(UserPortalPositiveTests.java:222)
... Removed 34 stack frames</div></td></tr></table><p class="totop"><a href="#summary">back to summary</a></p>
<h3 id="m3">com.icin.bank.UserPortalPositiveTests#loginTest</h3><table class="result"><tr><th>Exception</th></tr><tr><td><div class="stacktrace">org.openqa.selenium.NoSuchElementException: no such element: Unable to locate element: {&quot;method&quot;:&quot;xpath&quot;,&quot;selector&quot;:&quot;//app-root//app-navbar/nav/ul[@class=&apos;navbar-nav&apos;]//a[@href=&apos;#&apos;]&quot;}
  (Session info: chrome=90.0.4430.212)
For documentation on this error, please visit: https://www.seleniumhq.org/exceptions/no_such_element.html
Build info: version: &apos;3.141.59&apos;, revision: &apos;e82be7d358&apos;, time: &apos;2018-11-14T08:17:03&apos;
System info: host: &apos;HSC-J33TZF2&apos;, ip: &apos;172.18.208.1&apos;, os.name: &apos;Windows 10&apos;, os.arch: &apos;amd64&apos;, os.version: &apos;10.0&apos;, java.version: &apos;15.0.2&apos;
Driver info: org.openqa.selenium.chrome.ChromeDriver
Capabilities {acceptInsecureCerts: false, browserName: chrome, browserVersion: 90.0.4430.212, chrome: {chromedriverVersion: 90.0.4430.24 (4c6d850f087da..., userDataDir: C:\Users\SAURSI~1\AppData\L...}, goog:chromeOptions: {debuggerAddress: localhost:58826}, javascriptEnabled: true, networkConnectionEnabled: false, pageLoadStrategy: normal, platform: WINDOWS, platformName: WINDOWS, proxy: Proxy(), setWindowRect: true, strictFileInteractability: false, timeouts: {implicit: 0, pageLoad: 300000, script: 30000}, unhandledPromptBehavior: dismiss and notify, webauthn:extension:largeBlob: true, webauthn:virtualAuthenticators: true}
Session ID: 62dab9276f711c335e72b086ce94df18
*** Element info: {Using=xpath, value=//app-root//app-navbar/nav/ul[@class=&apos;navbar-nav&apos;]//a[@href=&apos;#&apos;]}
	at org.openqa.selenium.remote.http.W3CHttpResponseCodec.createException(W3CHttpResponseCodec.java:187)
	at org.openqa.selenium.remote.http.W3CHttpResponseCodec.decode(W3CHttpResponseCodec.java:122)
	at org.openqa.selenium.remote.http.W3CHttpResponseCodec.decode(W3CHttpResponseCodec.java:49)
	at org.openqa.selenium.remote.HttpCommandExecutor.execute(HttpCommandExecutor.java:158)
	at org.openqa.selenium.remote.service.DriverCommandExecutor.execute(DriverCommandExecutor.java:83)
	at org.openqa.selenium.remote.RemoteWebDriver.execute(RemoteWebDriver.java:552)
	at org.openqa.selenium.remote.RemoteWebDriver.findElement(RemoteWebDriver.java:323)
	at org.openqa.selenium.remote.RemoteWebDriver.findElementByXPath(RemoteWebDriver.java:428)
	at org.openqa.selenium.By$ByXPath.findElement(By.java:353)
	at org.openqa.selenium.remote.RemoteWebDriver.findElement(RemoteWebDriver.java:315)
	at com.icin.bank.UserPortalPositiveTests.loginTest(UserPortalPositiveTests.java:64)
... Removed 34 stack frames</div></td></tr></table><p class="totop"><a href="#summary">back to summary</a></p>
<h3 id="m4">com.icin.bank.AdminPortalPositiveTests#diableUserTest</h3><table class="result"><tr><th class="invisible"/></tr></table><p class="totop"><a href="#summary">back to summary</a></p>
<h3 id="m5">com.icin.bank.AdminPortalPositiveTests#enableUserTest</h3><table class="result"><tr><th class="invisible"/></tr></table><p class="totop"><a href="#summary">back to summary</a></p>
<h3 id="m6">com.icin.bank.AdminPortalPositiveTests#loginTest</h3><table class="result"><tr><th class="invisible"/></tr></table><p class="totop"><a href="#summary">back to summary</a></p>
<h2>NegativeTests</h2><h3 id="m7">com.icin.bank.UserPortalNegativeTests#incorrectPasswordTest</h3><table class="result"><tr><th>Exception</th></tr><tr><td><div class="stacktrace">java.lang.AssertionError: Actual error message does not contains expected. 
Actual :
Expected :Invalid Credentials expected [true] but found [false]
	at com.icin.bank.UserPortalNegativeTests.incorrectPasswordTest(UserPortalNegativeTests.java:95)
... Removed 32 stack frames</div></td></tr></table><p class="totop"><a href="#summary">back to summary</a></p>
<h3 id="m8">com.icin.bank.UserPortalNegativeTests#emptyUsernameAndPasswordTest</h3><table class="result"><tr><th class="invisible"/></tr></table><p class="totop"><a href="#summary">back to summary</a></p>
<h3 id="m9">com.icin.bank.UserPortalNegativeTests#incorrectUsernameTest</h3><table class="result"><tr><th class="invisible"/></tr></table><p class="totop"><a href="#summary">back to summary</a></p>
</body>
</html>
